d:\учеба\чм\project1\project1\debug\vc142.pdb
d:\учеба\чм\project1\project1\debug\.netframework,version=v4.7.2.assemblyattributes.obj
d:\учеба\чм\project1\project1\debug\task11_mironova.obj
d:\учеба\чм\project1\project1\debug\method.obj
d:\учеба\чм\project1\debug\project1.exe
d:\учеба\чм\project1\debug\project1.pdb
d:\учеба\чм\project1\project1\debug\project1.task11_mironova.resources
d:\учеба\чм\project1\project1\debug\project1.tlog\cl.command.1.tlog
d:\учеба\чм\project1\project1\debug\project1.tlog\cl.read.1.tlog
d:\учеба\чм\project1\project1\debug\project1.tlog\cl.write.1.tlog
d:\учеба\чм\project1\project1\debug\project1.tlog\link.15468-cvtres.read.1.tlog
d:\учеба\чм\project1\project1\debug\project1.tlog\link.15468-cvtres.write.1.tlog
d:\учеба\чм\project1\project1\debug\project1.tlog\link.15468-rc.read.1.tlog
d:\учеба\чм\project1\project1\debug\project1.tlog\link.15468-rc.write.1.tlog
d:\учеба\чм\project1\project1\debug\project1.tlog\link.15468.read.1.tlog
d:\учеба\чм\project1\project1\debug\project1.tlog\link.15468.write.1.tlog
d:\учеба\чм\project1\project1\debug\project1.tlog\link.command.1.tlog
d:\учеба\чм\project1\project1\debug\project1.tlog\link.read.1.tlog
d:\учеба\чм\project1\project1\debug\project1.tlog\link.write.1.tlog
d:\учеба\чм\project1\project1\debug\project1.tlog\metagen.read.1.tlog
d:\учеба\чм\project1\project1\debug\project1.tlog\metagen.write.1.tlog
d:\учеба\чм\project1\project1\debug\project1.tlog\project1.write.1u.tlog
